<?xml version="1.0" encoding="UTF-8"?>
<!-- Generated by org.testng.reporters.JUnitReportReporter -->
<testsuite hostname="nsk-dt-asm-70" failures="0" tests="3" name="Testpkg.Test1" time="1.822" errors="0" timestamp="2024-02-28T16:10:57 IST" skipped="0">
  <testcase classname="Testpkg.Test1" name="testScenario2" time="0.864"/>
  <testcase classname="Testpkg.Test1" name="testScenario3" time="0.833"/>
  <testcase classname="Testpkg.Test1" name="testScenario1" time="0.125"/>
</testsuite> <!-- Testpkg.Test1 -->
