<?xml version="1.0" encoding="UTF-8"?>
<!-- Generated by org.testng.reporters.JUnitReportReporter -->
<testsuite hostname="nsk-dt-asm-70" failures="0" tests="1" name="Testpkg.Testscenario_02" time="3.514" errors="0" timestamp="2024-02-28T17:41:47 IST" skipped="0">
  <testcase classname="Testpkg.Testscenario_02" name="testScenario2" time="3.514"/>
</testsuite> <!-- Testpkg.Testscenario_02 -->
