<?xml version="1.0" encoding="UTF-8"?>
<!-- Generated by org.testng.reporters.JUnitReportReporter -->
<testsuite hostname="nsk-dt-asm-70" failures="0" tests="3" name="Testpkg.Test1" time="41.222" errors="0" timestamp="2024-02-28T17:22:54 IST" skipped="0">
  <testcase classname="Testpkg.Test1" name="testScenario2" time="15.911"/>
  <testcase classname="Testpkg.Test1" name="testScenario1" time="11.009"/>
  <testcase classname="Testpkg.Test1" name="testScenario3" time="14.302"/>
</testsuite> <!-- Testpkg.Test1 -->
